{"numFailedTestSuites":0,"numFailedTests":0,"numPassedTestSuites":1,"numPassedTests":11,"numPendingTestSuites":0,"numPendingTests":0,"numRuntimeErrorTestSuites":0,"numTodoTests":0,"numTotalTestSuites":1,"numTotalTests":11,"openHandles":[],"snapshot":{"added":0,"didUpdate":false,"failure":false,"filesAdded":0,"filesRemoved":0,"filesRemovedList":[],"filesUnmatched":0,"filesUpdated":0,"matched":0,"total":0,"unchecked":0,"uncheckedKeysByFile":[],"unmatched":0,"updated":0},"startTime":1773775371696,"success":true,"testResults":[{"assertionResults":[{"ancestorTitles":["Hello, I am Lorem"],"duration":260,"failureDetails":[],"failureMessages":[],"fullName":"Hello, I am Lorem normalizeName убирает лишние пробелы","invocations":1,"location":null,"numPassingAsserts":1,"retryReasons":[],"status":"passed","title":"normalizeName убирает лишние пробелы"},{"ancestorTitles":["Hello, I am Lorem"],"duration":51,"failureDetails":[],"failureMessages":[],"fullName":"Hello, I am Lorem reverseText отражает имя","invocations":1,"location":null,"numPassingAsserts":1,"retryReasons":[],"status":"passed","title":"reverseText отражает имя"},{"ancestorTitles":["Hello, I am Lorem"],"duration":50,"failureDetails":[],"failureMessages":[],"fullName":"Hello, I am Lorem getNameMetrics считает длину, гласные и согласные","invocations":1,"location":null,"numPassingAsserts":1,"retryReasons":[],"status":"passed","title":"getNameMetrics считает длину, гласные и согласные"},{"ancestorTitles":["Hello, I am Lorem"],"duration":47,"failureDetails":[],"failureMessages":[],"fullName":"Hello, I am Lorem buildNameProfile собирает устойчивый профиль","invocations":1,"location":null,"numPassingAsserts":3,"retryReasons":[],"status":"passed","title":"buildNameProfile собирает устойчивый профиль"},{"ancestorTitles":["Hello, I am Lorem"],"duration":37,"failureDetails":[],"failureMessages":[],"fullName":"Hello, I am Lorem computeDashboard считает базовую аналитику","invocations":1,"location":null,"numPassingAsserts":1,"retryReasons":[],"status":"passed","title":"computeDashboard считает базовую аналитику"},{"ancestorTitles":["Hello, I am Lorem"],"duration":40,"failureDetails":[],"failureMessages":[],"fullName":"Hello, I am Lorem getRandomGreeting возвращает одну из заготовленных фраз","invocations":1,"location":null,"numPassingAsserts":2,"retryReasons":[],"status":"passed","title":"getRandomGreeting возвращает одну из заготовленных фраз"},{"ancestorTitles":["Hello, I am Lorem"],"duration":200,"failureDetails":[],"failureMessages":[],"fullName":"Hello, I am Lorem greetUser создаёт профиль, обновляет DOM и историю","invocations":1,"location":null,"numPassingAsserts":6,"retryReasons":[],"status":"passed","title":"greetUser создаёт профиль, обновляет DOM и историю"},{"ancestorTitles":["Hello, I am Lorem"],"duration":55,"failureDetails":[],"failureMessages":[],"fullName":"Hello, I am Lorem greetUser показывает ошибку при пустом имени","invocations":1,"location":null,"numPassingAsserts":2,"retryReasons":[],"status":"passed","title":"greetUser показывает ошибку при пустом имени"},{"ancestorTitles":["Hello, I am Lorem"],"duration":33,"failureDetails":[],"failureMessages":[],"fullName":"Hello, I am Lorem reverseName показывает отражённое имя","invocations":1,"location":null,"numPassingAsserts":2,"retryReasons":[],"status":"passed","title":"reverseName показывает отражённое имя"},{"ancestorTitles":["Hello, I am Lorem"],"duration":18,"failureDetails":[],"failureMessages":[],"fullName":"Hello, I am Lorem generateRandomGreeting обновляет интерфейс случайной фразой","invocations":1,"location":null,"numPassingAsserts":3,"retryReasons":[],"status":"passed","title":"generateRandomGreeting обновляет интерфейс случайной фразой"},{"ancestorTitles":["Hello, I am Lorem"],"duration":46,"failureDetails":[],"failureMessages":[],"fullName":"Hello, I am Lorem reset очищает форму и возвращает стартовое состояние","invocations":1,"location":null,"numPassingAsserts":2,"retryReasons":[],"status":"passed","title":"reset очищает форму и возвращает стартовое состояние"}],"endTime":1773775374023,"message":"","name":"/home/minkin/prikoli/Hello-I-am-Lorem/tests/app.test.js","startTime":1773775372269,"status":"passed","summary":""}],"wasInterrupted":false}
