{"numFailedTestSuites":0,"numFailedTests":0,"numPassedTestSuites":4,"numPassedTests":13,"numPendingTestSuites":0,"numPendingTests":0,"numRuntimeErrorTestSuites":0,"numTodoTests":0,"numTotalTestSuites":4,"numTotalTests":13,"openHandles":[],"snapshot":{"added":0,"didUpdate":false,"failure":false,"filesAdded":0,"filesRemoved":0,"filesRemovedList":[],"filesUnmatched":0,"filesUpdated":0,"matched":0,"total":0,"unchecked":0,"uncheckedKeysByFile":[],"unmatched":0,"updated":0},"startTime":1775076659565,"success":true,"testResults":[{"assertionResults":[{"ancestorTitles":["key rendering flows"],"duration":304,"failureDetails":[],"failureMessages":[],"fullName":"key rendering flows renders suggestions, reasoning actions and advanced controls state","invocations":1,"location":null,"numPassingAsserts":6,"retryReasons":[],"status":"passed","title":"renders suggestions, reasoning actions and advanced controls state"}],"endTime":1775076661808,"message":"","name":"/home/minkin/minkinhub/inc/tests/rendering.test.js","startTime":1775076660686,"status":"passed","summary":""},{"assertionResults":[{"ancestorTitles":["local-first storage"],"duration":9,"failureDetails":[],"failureMessages":[],"fullName":"local-first storage loadPreferences falls back to defaults when storage is empty","invocations":1,"location":null,"numPassingAsserts":1,"retryReasons":[],"status":"passed","title":"loadPreferences falls back to defaults when storage is empty"},{"ancestorTitles":["local-first storage"],"duration":43,"failureDetails":[],"failureMessages":[],"fullName":"local-first storage appendHistory prepends entries and caps the list","invocations":1,"location":null,"numPassingAsserts":3,"retryReasons":[],"status":"passed","title":"appendHistory prepends entries and caps the list"},{"ancestorTitles":["local-first storage"],"duration":2,"failureDetails":[],"failureMessages":[],"fullName":"local-first storage mergePreferences keeps arrays safe and booleans predictable","invocations":1,"location":null,"numPassingAsserts":1,"retryReasons":[],"status":"passed","title":"mergePreferences keeps arrays safe and booleans predictable"}],"endTime":1775076662138,"message":"","name":"/home/minkin/minkinhub/inc/tests/storage.test.js","startTime":1775076661902,"status":"passed","summary":""},{"assertionResults":[{"ancestorTitles":["deterministic adaptation engine"],"duration":8,"failureDetails":[],"failureMessages":[],"fullName":"deterministic adaptation engine pins history after repeated returns","invocations":1,"location":null,"numPassingAsserts":4,"retryReasons":[],"status":"passed","title":"pins history after repeated returns"},{"ancestorTitles":["deterministic adaptation engine"],"duration":2,"failureDetails":[],"failureMessages":[],"fullName":"deterministic adaptation engine switches to compact density for fast scanning behavior","invocations":1,"location":null,"numPassingAsserts":3,"retryReasons":[],"status":"passed","title":"switches to compact density for fast scanning behavior"},{"ancestorTitles":["deterministic adaptation engine"],"duration":4,"failureDetails":[],"failureMessages":[],"fullName":"deterministic adaptation engine undo and disable similar work on reasoning events","invocations":1,"location":null,"numPassingAsserts":5,"retryReasons":[],"status":"passed","title":"undo and disable similar work on reasoning events"},{"ancestorTitles":["deterministic adaptation engine"],"duration":5,"failureDetails":[],"failureMessages":[],"fullName":"deterministic adaptation engine builds adaptive suggestions without ML guesses","invocations":1,"location":null,"numPassingAsserts":1,"retryReasons":[],"status":"passed","title":"builds adaptive suggestions without ML guesses"}],"endTime":1775076662287,"message":"","name":"/home/minkin/minkinhub/inc/tests/adaptation-engine.test.js","startTime":1775076662168,"status":"passed","summary":""},{"assertionResults":[{"ancestorTitles":["session profile model"],"duration":1,"failureDetails":[],"failureMessages":[],"fullName":"session profile model normalizeText trims repeated whitespace","invocations":1,"location":null,"numPassingAsserts":1,"retryReasons":[],"status":"passed","title":"normalizeText trims repeated whitespace"},{"ancestorTitles":["session profile model"],"duration":1,"failureDetails":[],"failureMessages":[],"fullName":"session profile model reverseName mirrors the normalized name","invocations":1,"location":null,"numPassingAsserts":1,"retryReasons":[],"status":"passed","title":"reverseName mirrors the normalized name"},{"ancestorTitles":["session profile model"],"duration":1,"failureDetails":[],"failureMessages":[],"fullName":"session profile model getNameMetrics counts letters predictably","invocations":1,"location":null,"numPassingAsserts":1,"retryReasons":[],"status":"passed","title":"getNameMetrics counts letters predictably"},{"ancestorTitles":["session profile model"],"duration":2,"failureDetails":[],"failureMessages":[],"fullName":"session profile model buildSessionProfile creates a deterministic session payload","invocations":1,"location":null,"numPassingAsserts":3,"retryReasons":[],"status":"passed","title":"buildSessionProfile creates a deterministic session payload"},{"ancestorTitles":["session profile model"],"duration":1,"failureDetails":[],"failureMessages":[],"fullName":"session profile model buildSessionProfile returns null for invalid names","invocations":1,"location":null,"numPassingAsserts":1,"retryReasons":[],"status":"passed","title":"buildSessionProfile returns null for invalid names"}],"endTime":1775076662406,"message":"","name":"/home/minkin/minkinhub/inc/tests/profile.test.js","startTime":1775076662333,"status":"passed","summary":""}],"wasInterrupted":false}
